0 info it worked if it ends with ok
1 verbose cli [ '/usr/local/bin/node', '/usr/local/bin/npm', 'install' ]
2 info using npm@3.9.2
3 info using node@v5.6.0
4 silly loadCurrentTree Starting
5 silly install loadCurrentTree
6 silly install readLocalPackageData
7 silly install normalizeTree
8 silly loadCurrentTree Finishing
9 silly loadIdealTree Starting
10 silly install loadIdealTree
11 silly cloneCurrentTree Starting
12 silly install cloneCurrentTreeToIdealTree
13 silly cloneCurrentTree Finishing
14 silly loadShrinkwrap Starting
15 silly install loadShrinkwrap
16 silly loadShrinkwrap Finishing
17 silly loadAllDepsIntoIdealTree Starting
18 silly install loadAllDepsIntoIdealTree
19 silly fetchOtherPackageData orbit@file:node_modules/three/examples/js/controls/OrbitControls.js
20 silly cache add args [ 'orbit@file:node_modules/three/examples/js/controls/OrbitControls.js',
20 silly cache add   null ]
21 verbose cache add spec orbit@file:node_modules/three/examples/js/controls/OrbitControls.js
22 silly cache add parsed spec Result {
22 silly cache add   raw: 'orbit@file:node_modules/three/examples/js/controls/OrbitControls.js',
22 silly cache add   scope: null,
22 silly cache add   name: 'orbit',
22 silly cache add   rawSpec: 'file:node_modules/three/examples/js/controls/OrbitControls.js',
22 silly cache add   spec: '/Users/Milewski/Documents/Rafael/Code/dreamsark.dev/node_modules/three/examples/js/controls/OrbitControls.js',
22 silly cache add   type: 'local' }
23 silly addLocalTarball shasum (computed) fbd81557ca2e69b80afa32ffae6fb284f2748736
24 verbose addTmpTarball /Users/Milewski/Documents/Rafael/Code/dreamsark.dev/node_modules/three/examples/js/controls/OrbitControls.js not in flight; adding
25 verbose correctMkdir /Users/Milewski/.npm correctMkdir not in flight; initializing
26 verbose addTmpTarball validating metadata from /Users/Milewski/Documents/Rafael/Code/dreamsark.dev/node_modules/three/examples/js/controls/OrbitControls.js
27 verbose tar unpack /Users/Milewski/Documents/Rafael/Code/dreamsark.dev/node_modules/three/examples/js/controls/OrbitControls.js
28 verbose tar unpacking to /var/folders/l3/8_jhtsyd1zv0qwthlhpz20bh0000gp/T/npm-46069-acd1dca1/unpack-56207786
29 silly gentlyRm /var/folders/l3/8_jhtsyd1zv0qwthlhpz20bh0000gp/T/npm-46069-acd1dca1/unpack-56207786 is being purged
30 verbose gentlyRm don't care about contents; nuking /var/folders/l3/8_jhtsyd1zv0qwthlhpz20bh0000gp/T/npm-46069-acd1dca1/unpack-56207786
31 silly gunzTarPerm modes [ '755', '644' ]
32 error not a package /Users/Milewski/Documents/Rafael/Code/dreamsark.dev/node_modules/three/examples/js/controls/OrbitControls.js
33 error addLocal Could not install /Users/Milewski/Documents/Rafael/Code/dreamsark.dev/node_modules/three/examples/js/controls/OrbitControls.js
34 silly fetchPackageMetaData Error: ENOENT: no such file or directory, open '/var/folders/l3/8_jhtsyd1zv0qwthlhpz20bh0000gp/T/npm-46069-acd1dca1/unpack-56207786/package.json'
34 silly fetchPackageMetaData     at Error (native)
34 silly fetchPackageMetaData  error for orbit@file:node_modules/three/examples/js/controls/OrbitControls.js { [Error: ENOENT: no such file or directory, open '/var/folders/l3/8_jhtsyd1zv0qwthlhpz20bh0000gp/T/npm-46069-acd1dca1/unpack-56207786/package.json']
34 silly fetchPackageMetaData   errno: -2,
34 silly fetchPackageMetaData   code: 'ENOENT',
34 silly fetchPackageMetaData   syscall: 'open',
34 silly fetchPackageMetaData   path: '/var/folders/l3/8_jhtsyd1zv0qwthlhpz20bh0000gp/T/npm-46069-acd1dca1/unpack-56207786/package.json' }
35 silly rollbackFailedOptional Starting
36 silly rollbackFailedOptional Finishing
37 silly runTopLevelLifecycles Starting
38 silly runTopLevelLifecycles Finishing
39 silly install printInstalled
40 verbose stack Error: ENOENT: no such file or directory, open '/var/folders/l3/8_jhtsyd1zv0qwthlhpz20bh0000gp/T/npm-46069-acd1dca1/unpack-56207786/package.json'
40 verbose stack     at Error (native)
41 verbose cwd /Users/Milewski/Documents/Rafael/Code/dreamsark.dev
42 error Darwin 15.5.0
43 error argv "/usr/local/bin/node" "/usr/local/bin/npm" "install"
44 error node v5.6.0
45 error npm  v3.9.2
46 error path /var/folders/l3/8_jhtsyd1zv0qwthlhpz20bh0000gp/T/npm-46069-acd1dca1/unpack-56207786/package.json
47 error code ENOENT
48 error errno -2
49 error syscall open
50 error enoent ENOENT: no such file or directory, open '/var/folders/l3/8_jhtsyd1zv0qwthlhpz20bh0000gp/T/npm-46069-acd1dca1/unpack-56207786/package.json'
51 error enoent ENOENT: no such file or directory, open '/var/folders/l3/8_jhtsyd1zv0qwthlhpz20bh0000gp/T/npm-46069-acd1dca1/unpack-56207786/package.json'
51 error enoent This is most likely not a problem with npm itself
51 error enoent and is related to npm not being able to find a file.
52 verbose exit [ -2, true ]
